d:\software\j118\j118.dir\debug\j118.pdb
d:\software\j118\j118.dir\debug\vector2d.obj
d:\software\j118\j118.dir\debug\udpserver.obj
d:\software\j118\j118.dir\debug\thread.obj
d:\software\j118\j118.dir\debug\periodicthread.obj
d:\software\j118\j118.dir\debug\output.obj
d:\software\j118\j118.dir\debug\matrix.obj
d:\software\j118\j118.dir\debug\ipserver.obj
d:\software\j118\j118.dir\debug\exception.obj
d:\software\j118\j118.dir\debug\datagram.obj
d:\software\j118\j118.dir\debug\argparse.obj
d:\software\j118\j118.dir\debug\packet.obj
d:\software\j118\cmakefiles\generate.stamp
d:\software\j118\debug\j118.lib
d:\software\j118\debug\j118.pdb
d:\software\j118\j118.dir\debug\j118.tlog\cl.command.1.tlog
d:\software\j118\j118.dir\debug\j118.tlog\cl.read.1.tlog
d:\software\j118\j118.dir\debug\j118.tlog\cl.write.1.tlog
d:\software\j118\j118.dir\debug\j118.tlog\custombuild.command.1.tlog
d:\software\j118\j118.dir\debug\j118.tlog\custombuild.read.1.tlog
d:\software\j118\j118.dir\debug\j118.tlog\custombuild.write.1.tlog
d:\software\j118\j118.dir\debug\j118.tlog\lib-link.read.1.tlog
d:\software\j118\j118.dir\debug\j118.tlog\lib-link.write.1.tlog
d:\software\j118\j118.dir\debug\j118.tlog\lib.command.1.tlog
