\BOOKMARK [0][-]{chapter.1}{\376\377\0001\000\040\000J\0001\0001\0008}{}% 1
\BOOKMARK [1][-]{section.1.1}{\376\377\0001\000.\0001\000\040\000P\000u\000r\000p\000o\000s\000e}{chapter.1}% 2
\BOOKMARK [1][-]{section.1.2}{\376\377\0001\000.\0002\000\040\000I\000n\000s\000t\000a\000l\000l\000a\000t\000i\000o\000n}{chapter.1}% 3
\BOOKMARK [2][-]{subsection.1.2.1}{\376\377\0001\000.\0002\000.\0001\000\040\000S\000t\000e\000p\000\040\0001\000:\000\040\000O\000p\000e\000n\000i\000n\000g\000\040\000t\000h\000e\000\040\000b\000o\000x}{section.1.2}% 4
\BOOKMARK [0][-]{chapter.2}{\376\377\0002\000\040\000T\000o\000d\000o\000\040\000L\000i\000s\000t}{}% 5
\BOOKMARK [0][-]{chapter.3}{\376\377\0003\000\040\000H\000i\000e\000r\000a\000r\000c\000h\000i\000c\000a\000l\000\040\000I\000n\000d\000e\000x}{}% 6
\BOOKMARK [1][-]{section.3.1}{\376\377\0003\000.\0001\000\040\000C\000l\000a\000s\000s\000\040\000H\000i\000e\000r\000a\000r\000c\000h\000y}{chapter.3}% 7
\BOOKMARK [0][-]{chapter.4}{\376\377\0004\000\040\000C\000l\000a\000s\000s\000\040\000I\000n\000d\000e\000x}{}% 8
\BOOKMARK [1][-]{section.4.1}{\376\377\0004\000.\0001\000\040\000C\000l\000a\000s\000s\000\040\000L\000i\000s\000t}{chapter.4}% 9
\BOOKMARK [0][-]{chapter.5}{\376\377\0005\000\040\000C\000l\000a\000s\000s\000\040\000D\000o\000c\000u\000m\000e\000n\000t\000a\000t\000i\000o\000n}{}% 10
\BOOKMARK [1][-]{section.5.1}{\376\377\0005\000.\0001\000\040\000J\0001\0001\0008\000:\000:\000E\000r\000r\000o\000r\000H\000a\000n\000d\000l\000i\000n\000g\000:\000:\000E\000x\000c\000e\000p\000t\000i\000o\000n\000\040\000C\000l\000a\000s\000s\000\040\000R\000e\000f\000e\000r\000e\000n\000c\000e}{chapter.5}% 11
\BOOKMARK [2][-]{subsection.5.1.1}{\376\377\0005\000.\0001\000.\0001\000\040\000D\000e\000t\000a\000i\000l\000e\000d\000\040\000D\000e\000s\000c\000r\000i\000p\000t\000i\000o\000n}{section.5.1}% 12
\BOOKMARK [1][-]{section.5.2}{\376\377\0005\000.\0002\000\040\000J\0001\0001\0008\000:\000:\000M\000a\000t\000h\000:\000:\000M\000a\000t\000r\000i\000x\000\040\000C\000l\000a\000s\000s\000\040\000R\000e\000f\000e\000r\000e\000n\000c\000e}{chapter.5}% 13
\BOOKMARK [2][-]{subsection.5.2.1}{\376\377\0005\000.\0002\000.\0001\000\040\000D\000e\000t\000a\000i\000l\000e\000d\000\040\000D\000e\000s\000c\000r\000i\000p\000t\000i\000o\000n}{section.5.2}% 14
\BOOKMARK [1][-]{section.5.3}{\376\377\0005\000.\0003\000\040\000J\0001\0001\0008\000:\000:\000M\000a\000t\000h\000:\000:\000M\000a\000t\000r\000i\000x\000M\000u\000l\000t\000i\000p\000l\000y\000I\000n\000v\000a\000l\000D\000e\000m\000s\000\040\000C\000l\000a\000s\000s\000\040\000R\000e\000f\000e\000r\000e\000n\000c\000e}{chapter.5}% 15
\BOOKMARK [1][-]{section.5.4}{\376\377\0005\000.\0004\000\040\000J\0001\0001\0008\000:\000:\000M\000a\000t\000h\000:\000:\000M\000a\000t\000r\000i\000x\000N\000o\000t\000I\000n\000i\000t\000i\000a\000l\000i\000z\000e\000d\000\040\000C\000l\000a\000s\000s\000\040\000R\000e\000f\000e\000r\000e\000n\000c\000e}{chapter.5}% 16
\BOOKMARK [2][-]{subsection.5.4.1}{\376\377\0005\000.\0004\000.\0001\000\040\000D\000e\000t\000a\000i\000l\000e\000d\000\040\000D\000e\000s\000c\000r\000i\000p\000t\000i\000o\000n}{section.5.4}% 17
\BOOKMARK [1][-]{section.5.5}{\376\377\0005\000.\0005\000\040\000J\0001\0001\0008\000:\000:\000M\000a\000t\000h\000:\000:\000V\000e\000c\000t\000o\000r\0002\000D\000\040\000C\000l\000a\000s\000s\000\040\000R\000e\000f\000e\000r\000e\000n\000c\000e}{chapter.5}% 18
\BOOKMARK [2][-]{subsection.5.5.1}{\376\377\0005\000.\0005\000.\0001\000\040\000D\000e\000t\000a\000i\000l\000e\000d\000\040\000D\000e\000s\000c\000r\000i\000p\000t\000i\000o\000n}{section.5.5}% 19
\BOOKMARK [2][-]{subsection.5.5.2}{\376\377\0005\000.\0005\000.\0002\000\040\000C\000o\000n\000s\000t\000r\000u\000c\000t\000o\000r\000\040\000\046\000\040\000D\000e\000s\000t\000r\000u\000c\000t\000o\000r\000\040\000D\000o\000c\000u\000m\000e\000n\000t\000a\000t\000i\000o\000n}{section.5.5}% 20
\BOOKMARK [3][-]{subsubsection.5.5.2.1}{\376\377\0005\000.\0005\000.\0002\000.\0001\000\040\000V\000e\000c\000t\000o\000r\0002\000D}{subsection.5.5.2}% 21
\BOOKMARK [3][-]{subsubsection.5.5.2.2}{\376\377\0005\000.\0005\000.\0002\000.\0002\000\040\000V\000e\000c\000t\000o\000r\0002\000D}{subsection.5.5.2}% 22
\BOOKMARK [2][-]{subsection.5.5.3}{\376\377\0005\000.\0005\000.\0003\000\040\000M\000e\000m\000b\000e\000r\000\040\000F\000u\000n\000c\000t\000i\000o\000n\000\040\000D\000o\000c\000u\000m\000e\000n\000t\000a\000t\000i\000o\000n}{section.5.5}% 23
\BOOKMARK [3][-]{subsubsection.5.5.3.1}{\376\377\0005\000.\0005\000.\0003\000.\0001\000\040\000a\000d\000d}{subsection.5.5.3}% 24
\BOOKMARK [3][-]{subsubsection.5.5.3.2}{\376\377\0005\000.\0005\000.\0003\000.\0002\000\040\000a\000d\000d}{subsection.5.5.3}% 25
\BOOKMARK [3][-]{subsubsection.5.5.3.3}{\376\377\0005\000.\0005\000.\0003\000.\0003\000\040\000a\000d\000d}{subsection.5.5.3}% 26
\BOOKMARK [3][-]{subsubsection.5.5.3.4}{\376\377\0005\000.\0005\000.\0003\000.\0004\000\040\000d\000o\000t\000P\000r\000o\000d\000u\000c\000t}{subsection.5.5.3}% 27
\BOOKMARK [3][-]{subsubsection.5.5.3.5}{\376\377\0005\000.\0005\000.\0003\000.\0005\000\040\000d\000o\000t\000P\000r\000o\000d\000u\000c\000t}{subsection.5.5.3}% 28
\BOOKMARK [3][-]{subsubsection.5.5.3.6}{\376\377\0005\000.\0005\000.\0003\000.\0006\000\040\000g\000e\000t\000X}{subsection.5.5.3}% 29
\BOOKMARK [3][-]{subsubsection.5.5.3.7}{\376\377\0005\000.\0005\000.\0003\000.\0007\000\040\000g\000e\000t\000Y}{subsection.5.5.3}% 30
\BOOKMARK [3][-]{subsubsection.5.5.3.8}{\376\377\0005\000.\0005\000.\0003\000.\0008\000\040\000o\000p\000e\000r\000a\000t\000o\000r}{subsection.5.5.3}% 31
\BOOKMARK [3][-]{subsubsection.5.5.3.9}{\376\377\0005\000.\0005\000.\0003\000.\0009\000\040\000o\000p\000e\000r\000a\000t\000o\000r\000+}{subsection.5.5.3}% 32
\BOOKMARK [3][-]{subsubsection.5.5.3.10}{\376\377\0005\000.\0005\000.\0003\000.\0001\0000\000\040\000o\000p\000e\000r\000a\000t\000o\000r\000-}{subsection.5.5.3}% 33
\BOOKMARK [0][-]{section*.7}{\376\377\000I\000n\000d\000e\000x}{}% 34
